composeApp/build/intermediates/manifest_merge_blame_file/debug/processDebugMainManifest/manifest-merger-blame-debug-report.txt
1<?xml version="1.0" encoding="utf-8"?>
2<manifest xmlns:android="http://schemas.android.com/apk/res/android"
3    package="com.linkkeeper.app"
4    android:versionCode="1"
5    android:versionName="1.0" >
6
7    <uses-sdk
8        android:minSdkVersion="24"
9        android:targetSdkVersion="34" />
10
11    <uses-permission android:name="android.permission.INTERNET" />
11-->src/androidMain/AndroidManifest.xml:3:5-67
11-->src/androidMain/AndroidManifest.xml:3:22-64
12    <uses-permission android:name="android.permission.POST_NOTIFICATIONS" />
12-->src/androidMain/AndroidManifest.xml:4:5-77
12-->src/androidMain/AndroidManifest.xml:4:22-74
13    <uses-permission android:name="android.permission.SCHEDULE_EXACT_ALARM" />
13-->src/androidMain/AndroidManifest.xml:5:5-79
13-->src/androidMain/AndroidManifest.xml:5:22-76
14    <uses-permission android:name="android.permission.USE_EXACT_ALARM" />
14-->src/androidMain/AndroidManifest.xml:6:5-74
14-->src/androidMain/AndroidManifest.xml:6:22-71
15    <uses-permission android:name="android.permission.CAMERA" />
15-->src/androidMain/AndroidManifest.xml:7:5-65
15-->src/androidMain/AndroidManifest.xml:7:22-62
16
17    <permission
17-->[androidx.core:core:1.13.1] AndroidManifest.xml:22:5-24:47
18        android:name="com.linkkeeper.app.DYNAMIC_RECEIVER_NOT_EXPORTED_PERMISSION"
18-->[androidx.core:core:1.13.1] AndroidManifest.xml:23:9-81
19        android:protectionLevel="signature" />
19-->[androidx.core:core:1.13.1] AndroidManifest.xml:24:9-44
20
21    <uses-permission android:name="com.linkkeeper.app.DYNAMIC_RECEIVER_NOT_EXPORTED_PERMISSION" />
21-->[androidx.core:core:1.13.1] AndroidManifest.xml:26:5-97
21-->[androidx.core:core:1.13.1] AndroidManifest.xml:26:22-94
22
23    <application
23-->src/androidMain/AndroidManifest.xml:9:5-42:19
24        android:allowBackup="true"
24-->src/androidMain/AndroidManifest.xml:10:9-35
25        android:appComponentFactory="androidx.core.app.CoreComponentFactory"
25-->[androidx.core:core:1.13.1] AndroidManifest.xml:28:18-86
26        android:debuggable="true"
27        android:extractNativeLibs="false"
28        android:fullBackupContent="@xml/backup_rules"
28-->src/androidMain/AndroidManifest.xml:11:9-54
29        android:icon="@mipmap/ic_launcher"
29-->src/androidMain/AndroidManifest.xml:12:9-43
30        android:label="Tribbae"
30-->src/androidMain/AndroidManifest.xml:14:9-32
31        android:networkSecurityConfig="@xml/network_security_config"
31-->src/androidMain/AndroidManifest.xml:16:9-69
32        android:roundIcon="@mipmap/ic_launcher_round"
32-->src/androidMain/AndroidManifest.xml:13:9-54
33        android:testOnly="true"
34        android:theme="@style/Theme.Tribbae" >
34-->src/androidMain/AndroidManifest.xml:15:9-45
35        <activity
35-->src/androidMain/AndroidManifest.xml:17:9-29:20
36            android:name="com.linkkeeper.app.MainActivity"
36-->src/androidMain/AndroidManifest.xml:18:13-41
37            android:exported="true" >
37-->src/androidMain/AndroidManifest.xml:19:13-36
38            <intent-filter>
38-->src/androidMain/AndroidManifest.xml:20:13-23:29
39                <action android:name="android.intent.action.MAIN" />
39-->src/androidMain/AndroidManifest.xml:21:17-69
39-->src/androidMain/AndroidManifest.xml:21:25-66
40
41                <category android:name="android.intent.category.LAUNCHER" />
41-->src/androidMain/AndroidManifest.xml:22:17-77
41-->src/androidMain/AndroidManifest.xml:22:27-74
42            </intent-filter>
43            <intent-filter>
43-->src/androidMain/AndroidManifest.xml:24:13-28:29
44                <action android:name="android.intent.action.SEND" />
44-->src/androidMain/AndroidManifest.xml:25:17-69
44-->src/androidMain/AndroidManifest.xml:25:25-66
45
46                <category android:name="android.intent.category.DEFAULT" />
46-->src/androidMain/AndroidManifest.xml:26:17-76
46-->src/androidMain/AndroidManifest.xml:26:27-73
47
48                <data android:mimeType="text/plain" />
48-->src/androidMain/AndroidManifest.xml:27:17-55
48-->src/androidMain/AndroidManifest.xml:27:23-52
49            </intent-filter>
50        </activity>
51
52        <receiver
52-->src/androidMain/AndroidManifest.xml:30:9-32:40
53            android:name="data.ReminderReceiver"
53-->src/androidMain/AndroidManifest.xml:31:13-49
54            android:exported="false" />
54-->src/androidMain/AndroidManifest.xml:32:13-37
55
56        <provider
57            android:name="androidx.core.content.FileProvider"
57-->src/androidMain/AndroidManifest.xml:34:13-62
58            android:authorities="com.linkkeeper.app.provider"
58-->src/androidMain/AndroidManifest.xml:35:13-60
59            android:exported="false"
59-->src/androidMain/AndroidManifest.xml:36:13-37
60            android:grantUriPermissions="true" >
60-->src/androidMain/AndroidManifest.xml:37:13-47
61            <meta-data
61-->src/androidMain/AndroidManifest.xml:38:13-40:54
62                android:name="android.support.FILE_PROVIDER_PATHS"
62-->src/androidMain/AndroidManifest.xml:39:17-67
63                android:resource="@xml/file_paths" />
63-->src/androidMain/AndroidManifest.xml:40:17-51
64        </provider>
65        <provider
65-->[androidx.emoji2:emoji2:1.3.0] AndroidManifest.xml:24:9-32:20
66            android:name="androidx.startup.InitializationProvider"
66-->[androidx.emoji2:emoji2:1.3.0] AndroidManifest.xml:25:13-67
67            android:authorities="com.linkkeeper.app.androidx-startup"
67-->[androidx.emoji2:emoji2:1.3.0] AndroidManifest.xml:26:13-68
68            android:exported="false" >
68-->[androidx.emoji2:emoji2:1.3.0] AndroidManifest.xml:27:13-37
69            <meta-data
69-->[androidx.emoji2:emoji2:1.3.0] AndroidManifest.xml:29:13-31:52
70                android:name="androidx.emoji2.text.EmojiCompatInitializer"
70-->[androidx.emoji2:emoji2:1.3.0] AndroidManifest.xml:30:17-75
71                android:value="androidx.startup" />
71-->[androidx.emoji2:emoji2:1.3.0] AndroidManifest.xml:31:17-49
72            <meta-data
72-->[androidx.lifecycle:lifecycle-process:2.8.3] AndroidManifest.xml:29:13-31:52
73                android:name="androidx.lifecycle.ProcessLifecycleInitializer"
73-->[androidx.lifecycle:lifecycle-process:2.8.3] AndroidManifest.xml:30:17-78
74                android:value="androidx.startup" />
74-->[androidx.lifecycle:lifecycle-process:2.8.3] AndroidManifest.xml:31:17-49
75            <meta-data
75-->[androidx.profileinstaller:profileinstaller:1.3.1] AndroidManifest.xml:29:13-31:52
76                android:name="androidx.profileinstaller.ProfileInstallerInitializer"
76-->[androidx.profileinstaller:profileinstaller:1.3.1] AndroidManifest.xml:30:17-85
77                android:value="androidx.startup" />
77-->[androidx.profileinstaller:profileinstaller:1.3.1] AndroidManifest.xml:31:17-49
78        </provider>
79
80        <receiver
80-->[androidx.profileinstaller:profileinstaller:1.3.1] AndroidManifest.xml:34:9-52:20
81            android:name="androidx.profileinstaller.ProfileInstallReceiver"
81-->[androidx.profileinstaller:profileinstaller:1.3.1] AndroidManifest.xml:35:13-76
82            android:directBootAware="false"
82-->[androidx.profileinstaller:profileinstaller:1.3.1] AndroidManifest.xml:36:13-44
83            android:enabled="true"
83-->[androidx.profileinstaller:profileinstaller:1.3.1] AndroidManifest.xml:37:13-35
84            android:exported="true"
84-->[androidx.profileinstaller:profileinstaller:1.3.1] AndroidManifest.xml:38:13-36
85            android:permission="android.permission.DUMP" >
85-->[androidx.profileinstaller:profileinstaller:1.3.1] AndroidManifest.xml:39:13-57
86            <intent-filter>
86-->[androidx.profileinstaller:profileinstaller:1.3.1] AndroidManifest.xml:40:13-42:29
87                <action android:name="androidx.profileinstaller.action.INSTALL_PROFILE" />
87-->[androidx.profileinstaller:profileinstaller:1.3.1] AndroidManifest.xml:41:17-91
87-->[androidx.profileinstaller:profileinstaller:1.3.1] AndroidManifest.xml:41:25-88
88            </intent-filter>
89            <intent-filter>
89-->[androidx.profileinstaller:profileinstaller:1.3.1] AndroidManifest.xml:43:13-45:29
90                <action android:name="androidx.profileinstaller.action.SKIP_FILE" />
90-->[androidx.profileinstaller:profileinstaller:1.3.1] AndroidManifest.xml:44:17-85
90-->[androidx.profileinstaller:profileinstaller:1.3.1] AndroidManifest.xml:44:25-82
91            </intent-filter>
92            <intent-filter>
92-->[androidx.profileinstaller:profileinstaller:1.3.1] AndroidManifest.xml:46:13-48:29
93                <action android:name="androidx.profileinstaller.action.SAVE_PROFILE" />
93-->[androidx.profileinstaller:profileinstaller:1.3.1] AndroidManifest.xml:47:17-88
93-->[androidx.profileinstaller:profileinstaller:1.3.1] AndroidManifest.xml:47:25-85
94            </intent-filter>
95            <intent-filter>
95-->[androidx.profileinstaller:profileinstaller:1.3.1] AndroidManifest.xml:49:13-51:29
96                <action android:name="androidx.profileinstaller.action.BENCHMARK_OPERATION" />
96-->[androidx.profileinstaller:profileinstaller:1.3.1] AndroidManifest.xml:50:17-95
96-->[androidx.profileinstaller:profileinstaller:1.3.1] AndroidManifest.xml:50:25-92
97            </intent-filter>
98        </receiver>
99    </application>
100
101</manifest>